[debug] [2017-08-15T10:25:28.099Z] ----------------------------------------------------------------------
[debug] [2017-08-15T10:25:28.101Z] Command:       /usr/local/bin/node /usr/local/bin/firebase serve
[debug] [2017-08-15T10:25:28.101Z] CLI Version:   3.9.2
[debug] [2017-08-15T10:25:28.101Z] Platform:      linux
[debug] [2017-08-15T10:25:28.101Z] Node Version:  v8.2.1
[debug] [2017-08-15T10:25:28.101Z] Time:          Tue Aug 15 2017 18:25:28 GMT+0800 (PHT)
[debug] [2017-08-15T10:25:28.101Z] ----------------------------------------------------------------------
[debug] 
[debug] [2017-08-15T10:25:28.109Z] > command requires scopes: ["email","openid","https://www.googleapis.com/auth/cloudplatformprojects.readonly","https://www.googleapis.com/auth/firebase","https://www.googleapis.com/auth/cloud-platform"]
[debug] [2017-08-15T10:25:28.109Z] > authorizing via signed-in user
[debug] [2017-08-15T10:25:28.111Z] > refreshing access token with scopes: ["email","https://www.googleapis.com/auth/cloud-platform","https://www.googleapis.com/auth/cloudplatformprojects.readonly","https://www.googleapis.com/auth/firebase","openid"]
[debug] [2017-08-15T10:25:28.111Z] >>> HTTP REQUEST POST https://www.googleapis.com/oauth2/v3/token { refresh_token: '1/vkxUBpVAKpcyZaMblP-3zNNYvsRZuWctd21DY3rR7gnDDG4aQzrPKTKAWG4NvQum',
  client_id: '563584335869-fgrhgmd47bqnekij5i8b5pr03ho849e6.apps.googleusercontent.com',
  client_secret: 'j9iVZfS8kkCEFUPaAeJV0sAi',
  grant_type: 'refresh_token',
  scope: 'email https://www.googleapis.com/auth/cloud-platform https://www.googleapis.com/auth/cloudplatformprojects.readonly https://www.googleapis.com/auth/firebase openid' } 
 Tue Aug 15 2017 18:25:28 GMT+0800 (PHT)
[debug] [2017-08-15T10:25:28.580Z] <<< HTTP RESPONSE 200
[debug] [2017-08-15T10:25:28.619Z] >>> HTTP REQUEST GET https://admin.firebase.com/v1/projects/timeaway-ddb73  
 Tue Aug 15 2017 18:25:28 GMT+0800 (PHT)
[debug] [2017-08-15T10:25:30.136Z] <<< HTTP RESPONSE 200
[debug] [2017-08-15T10:25:30.137Z] >>> HTTP REQUEST GET https://admin.firebase.com/v1/database/timeaway-ddb73/tokens  
 Tue Aug 15 2017 18:25:30 GMT+0800 (PHT)
[debug] [2017-08-15T10:25:30.995Z] <<< HTTP RESPONSE 200
[info] 
[info] === Serving from '/usr/local/google/home/rommelp/firebase/tamtam-admin'...
[info] 
[debug] [2017-08-15T10:25:30.997Z] >>> HTTP REQUEST GET https://cloudresourcemanager.googleapis.com/v1/projects/timeaway-ddb73  
 Tue Aug 15 2017 18:25:30 GMT+0800 (PHT)
[debug] [2017-08-15T10:25:32.764Z] <<< HTTP RESPONSE 200
[debug] [2017-08-15T10:25:32.764Z] >>> HTTP REQUEST GET https://mobilesdk-pa.googleapis.com/v1/projects/39745169337/clients/_:getWebAppConfig  
 Tue Aug 15 2017 18:25:32 GMT+0800 (PHT)
[debug] [2017-08-15T10:25:33.626Z] <<< HTTP RESPONSE 200
[info] i  hosting: Serving hosting files from: public
[info] ✔  hosting: Local server: http://localhost:5000

